<?xml version="1.0" encoding="UTF-8"?>
<testng-results ignored="0" total="1" passed="1" failed="0" skipped="0">
  <reporter-output>
  </reporter-output>
  <suite started-at="2023-01-14T13:27:11 IST" name="Suite" finished-at="2023-01-14T13:28:24 IST" duration-ms="73038">
    <groups>
    </groups>
    <test started-at="2023-01-14T13:27:11 IST" name="Test" finished-at="2023-01-14T13:28:24 IST" duration-ms="73038">
      <class name="testNG.ReadDataXML">
        <test-method signature="login(org.testng.xml.XmlTest)[pri:0, instance:testNG.ReadDataXML@4313f5bc]" started-at="2023-01-14T13:27:11 IST" name="login" finished-at="2023-01-14T13:28:24 IST" duration-ms="72927" status="PASS">
          <params>
            <param index="0">
              <value>
                <![CDATA[org.testng.xml.XmlTest@e179ac7]]>
              </value>
            </param>
          </params>
          <reporter-output>
          </reporter-output>
        </test-method> <!-- login -->
      </class> <!-- testNG.ReadDataXML -->
    </test> <!-- Test -->
  </suite> <!-- Suite -->
</testng-results>
